driver-app-android/app/build/intermediates/manifest_merge_blame_file/debug/processDebugMainManifest/manifest-merger-blame-debug-report.txt
1<?xml version="1.0" encoding="utf-8"?>
2<manifest xmlns:android="http://schemas.android.com/apk/res/android"
3    package="com.ttrims.driver.debug"
4    android:versionCode="1"
5    android:versionName="1.0.0" >
6
7    <uses-sdk
8        android:minSdkVersion="26"
9        android:targetSdkVersion="34" />
10
11    <!-- Network -->
12    <uses-permission android:name="android.permission.INTERNET" />
12-->src\main\AndroidManifest.xml:5:5-67
12-->src\main\AndroidManifest.xml:5:22-64
13    <uses-permission android:name="android.permission.ACCESS_NETWORK_STATE" />
13-->src\main\AndroidManifest.xml:6:5-79
13-->src\main\AndroidManifest.xml:6:22-76
14
15    <!-- GPS / Location -->
16    <uses-permission android:name="android.permission.ACCESS_FINE_LOCATION" />
16-->src\main\AndroidManifest.xml:9:5-79
16-->src\main\AndroidManifest.xml:9:22-76
17    <uses-permission android:name="android.permission.ACCESS_COARSE_LOCATION" />
17-->src\main\AndroidManifest.xml:10:5-81
17-->src\main\AndroidManifest.xml:10:22-78
18    <uses-permission android:name="android.permission.ACCESS_BACKGROUND_LOCATION" />
18-->src\main\AndroidManifest.xml:11:5-85
18-->src\main\AndroidManifest.xml:11:22-82
19
20    <!-- Camera (for POD photo) -->
21    <uses-permission android:name="android.permission.CAMERA" />
21-->src\main\AndroidManifest.xml:14:5-65
21-->src\main\AndroidManifest.xml:14:22-62
22
23    <uses-feature
23-->src\main\AndroidManifest.xml:15:5-85
24        android:name="android.hardware.camera"
24-->src\main\AndroidManifest.xml:15:19-57
25        android:required="false" />
25-->src\main\AndroidManifest.xml:15:58-82
26
27    <!-- Storage (for saving POD photos) -->
28    <uses-permission android:name="android.permission.READ_EXTERNAL_STORAGE" />
28-->src\main\AndroidManifest.xml:18:5-80
28-->src\main\AndroidManifest.xml:18:22-77
29    <uses-permission
29-->src\main\AndroidManifest.xml:19:5-20:38
30        android:name="android.permission.WRITE_EXTERNAL_STORAGE"
30-->src\main\AndroidManifest.xml:19:22-78
31        android:maxSdkVersion="28" />
31-->src\main\AndroidManifest.xml:20:9-35
32
33    <!-- Vibrate for feedback -->
34    <uses-permission android:name="android.permission.VIBRATE" />
34-->src\main\AndroidManifest.xml:23:5-66
34-->src\main\AndroidManifest.xml:23:22-63
35
36    <!-- Wake Lock for background GPS -->
37    <uses-permission android:name="android.permission.WAKE_LOCK" />
37-->src\main\AndroidManifest.xml:26:5-68
37-->src\main\AndroidManifest.xml:26:22-65
38
39    <!-- Post Notifications (Android 13+) -->
40    <uses-permission android:name="android.permission.POST_NOTIFICATIONS" />
40-->src\main\AndroidManifest.xml:29:5-77
40-->src\main\AndroidManifest.xml:29:22-74
41
42    <!-- Foreground Service permissions -->
43    <uses-permission android:name="android.permission.FOREGROUND_SERVICE" />
43-->src\main\AndroidManifest.xml:32:5-77
43-->src\main\AndroidManifest.xml:32:22-74
44    <uses-permission android:name="android.permission.FOREGROUND_SERVICE_LOCATION" />
44-->src\main\AndroidManifest.xml:33:5-86
44-->src\main\AndroidManifest.xml:33:22-83
45    <uses-permission android:name="android.permission.FOREGROUND_SERVICE_DATA_SYNC" />
45-->src\main\AndroidManifest.xml:34:5-87
45-->src\main\AndroidManifest.xml:34:22-84
46    <uses-permission android:name="android.permission.REQUEST_IGNORE_BATTERY_OPTIMIZATIONS" />
46-->src\main\AndroidManifest.xml:35:5-95
46-->src\main\AndroidManifest.xml:35:22-92
47    <uses-permission android:name="android.permission.RECEIVE_BOOT_COMPLETED" />
47-->src\main\AndroidManifest.xml:36:5-81
47-->src\main\AndroidManifest.xml:36:22-78
48    <uses-permission android:name="android.permission.SCHEDULE_EXACT_ALARM" />
48-->src\main\AndroidManifest.xml:37:5-79
48-->src\main\AndroidManifest.xml:37:22-76
49    <uses-permission android:name="android.permission.USE_EXACT_ALARM" />
49-->src\main\AndroidManifest.xml:38:5-74
49-->src\main\AndroidManifest.xml:38:22-71
50
51    <permission
51-->[androidx.core:core:1.13.1] AndroidManifest.xml:22:5-24:47
52        android:name="com.ttrims.driver.debug.DYNAMIC_RECEIVER_NOT_EXPORTED_PERMISSION"
52-->[androidx.core:core:1.13.1] AndroidManifest.xml:23:9-81
53        android:protectionLevel="signature" />
53-->[androidx.core:core:1.13.1] AndroidManifest.xml:24:9-44
54
55    <uses-permission android:name="com.ttrims.driver.debug.DYNAMIC_RECEIVER_NOT_EXPORTED_PERMISSION" />
55-->[androidx.core:core:1.13.1] AndroidManifest.xml:26:5-97
55-->[androidx.core:core:1.13.1] AndroidManifest.xml:26:22-94
56
57    <application
57-->src\main\AndroidManifest.xml:40:5-101:19
58        android:allowBackup="true"
58-->src\main\AndroidManifest.xml:41:9-35
59        android:appComponentFactory="androidx.core.app.CoreComponentFactory"
59-->[androidx.core:core:1.13.1] AndroidManifest.xml:28:18-86
60        android:debuggable="true"
61        android:extractNativeLibs="false"
62        android:icon="@mipmap/ic_launcher"
62-->src\main\AndroidManifest.xml:42:9-43
63        android:label="@string/app_name"
63-->src\main\AndroidManifest.xml:43:9-41
64        android:roundIcon="@mipmap/ic_launcher_round"
64-->src\main\AndroidManifest.xml:44:9-54
65        android:supportsRtl="false"
65-->src\main\AndroidManifest.xml:45:9-36
66        android:theme="@style/Theme.TTRIMSDriver"
66-->src\main\AndroidManifest.xml:46:9-50
67        android:usesCleartextTraffic="true" >
67-->src\main\AndroidManifest.xml:47:9-44
68
69        <!-- Splash -->
70        <activity
70-->src\main\AndroidManifest.xml:50:9-59:20
71            android:name="com.ttrims.driver.SplashActivity"
71-->src\main\AndroidManifest.xml:51:13-43
72            android:exported="true"
72-->src\main\AndroidManifest.xml:52:13-36
73            android:noHistory="true"
73-->src\main\AndroidManifest.xml:54:13-37
74            android:theme="@style/Theme.TTRIMSDriver.Splash" >
74-->src\main\AndroidManifest.xml:53:13-61
75            <intent-filter>
75-->src\main\AndroidManifest.xml:55:13-58:29
76                <action android:name="android.intent.action.MAIN" />
76-->src\main\AndroidManifest.xml:56:17-69
76-->src\main\AndroidManifest.xml:56:25-66
77
78                <category android:name="android.intent.category.LAUNCHER" />
78-->src\main\AndroidManifest.xml:57:17-77
78-->src\main\AndroidManifest.xml:57:27-74
79            </intent-filter>
80        </activity>
81
82        <!-- Login -->
83        <activity
83-->src\main\AndroidManifest.xml:62:9-65:58
84            android:name="com.ttrims.driver.LoginActivity"
84-->src\main\AndroidManifest.xml:63:13-42
85            android:exported="false"
85-->src\main\AndroidManifest.xml:64:13-37
86            android:windowSoftInputMode="adjustResize" />
86-->src\main\AndroidManifest.xml:65:13-55
87
88        <!-- Main (bottom-nav host) -->
89        <activity
89-->src\main\AndroidManifest.xml:68:9-71:55
90            android:name="com.ttrims.driver.MainActivity"
90-->src\main\AndroidManifest.xml:69:13-41
91            android:exported="false"
91-->src\main\AndroidManifest.xml:70:13-37
92            android:windowSoftInputMode="adjustPan" />
92-->src\main\AndroidManifest.xml:71:13-52
93
94        <!-- Background Location Service -->
95        <service
95-->src\main\AndroidManifest.xml:74:9-79:65
96            android:name="com.ttrims.driver.services.LocationService"
96-->src\main\AndroidManifest.xml:75:13-53
97            android:enabled="true"
97-->src\main\AndroidManifest.xml:76:13-35
98            android:exported="false"
98-->src\main\AndroidManifest.xml:78:13-37
99            android:foregroundServiceType="location|dataSync"
99-->src\main\AndroidManifest.xml:79:13-62
100            android:stopWithTask="false" />
100-->src\main\AndroidManifest.xml:77:13-41
101
102        <!-- Boot receiver — restarts GPS service after device reboot or app update -->
103        <receiver
103-->src\main\AndroidManifest.xml:82:9-90:20
104            android:name="com.ttrims.driver.services.BootReceiver"
104-->src\main\AndroidManifest.xml:83:13-50
105            android:exported="false" >
105-->src\main\AndroidManifest.xml:84:13-37
106            <intent-filter>
106-->src\main\AndroidManifest.xml:85:13-89:29
107                <action android:name="android.intent.action.BOOT_COMPLETED" />
107-->src\main\AndroidManifest.xml:86:17-79
107-->src\main\AndroidManifest.xml:86:25-76
108                <action android:name="android.intent.action.QUICKBOOT_POWERON" />
108-->src\main\AndroidManifest.xml:87:17-82
108-->src\main\AndroidManifest.xml:87:25-79
109                <action android:name="android.intent.action.MY_PACKAGE_REPLACED" />
109-->src\main\AndroidManifest.xml:88:17-84
109-->src\main\AndroidManifest.xml:88:25-81
110            </intent-filter>
111        </receiver>
112
113        <!-- AlarmManager watchdog receiver — checks every 60s if tracking service is alive -->
114        <receiver
114-->src\main\AndroidManifest.xml:93:9-99:20
115            android:name="com.ttrims.driver.services.TrackingWatchdog"
115-->src\main\AndroidManifest.xml:94:13-54
116            android:exported="false" >
116-->src\main\AndroidManifest.xml:95:13-37
117            <intent-filter>
117-->src\main\AndroidManifest.xml:96:13-98:29
118                <action android:name="com.ttrims.driver.TRACKING_WATCHDOG" />
118-->src\main\AndroidManifest.xml:97:17-78
118-->src\main\AndroidManifest.xml:97:25-75
119            </intent-filter>
120        </receiver>
121
122        <provider
122-->[androidx.work:work-runtime:2.9.0] AndroidManifest.xml:29:9-37:20
123            android:name="androidx.startup.InitializationProvider"
123-->[androidx.work:work-runtime:2.9.0] AndroidManifest.xml:30:13-67
124            android:authorities="com.ttrims.driver.debug.androidx-startup"
124-->[androidx.work:work-runtime:2.9.0] AndroidManifest.xml:31:13-68
125            android:exported="false" >
125-->[androidx.work:work-runtime:2.9.0] AndroidManifest.xml:32:13-37
126            <meta-data
126-->[androidx.work:work-runtime:2.9.0] AndroidManifest.xml:34:13-36:52
127                android:name="androidx.work.WorkManagerInitializer"
127-->[androidx.work:work-runtime:2.9.0] AndroidManifest.xml:35:17-68
128                android:value="androidx.startup" />
128-->[androidx.work:work-runtime:2.9.0] AndroidManifest.xml:36:17-49
129            <meta-data
129-->[androidx.emoji2:emoji2:1.3.0] AndroidManifest.xml:29:13-31:52
130                android:name="androidx.emoji2.text.EmojiCompatInitializer"
130-->[androidx.emoji2:emoji2:1.3.0] AndroidManifest.xml:30:17-75
131                android:value="androidx.startup" />
131-->[androidx.emoji2:emoji2:1.3.0] AndroidManifest.xml:31:17-49
132            <meta-data
132-->[androidx.lifecycle:lifecycle-process:2.6.2] AndroidManifest.xml:29:13-31:52
133                android:name="androidx.lifecycle.ProcessLifecycleInitializer"
133-->[androidx.lifecycle:lifecycle-process:2.6.2] AndroidManifest.xml:30:17-78
134                android:value="androidx.startup" />
134-->[androidx.lifecycle:lifecycle-process:2.6.2] AndroidManifest.xml:31:17-49
135            <meta-data
135-->[androidx.profileinstaller:profileinstaller:1.3.1] AndroidManifest.xml:29:13-31:52
136                android:name="androidx.profileinstaller.ProfileInstallerInitializer"
136-->[androidx.profileinstaller:profileinstaller:1.3.1] AndroidManifest.xml:30:17-85
137                android:value="androidx.startup" />
137-->[androidx.profileinstaller:profileinstaller:1.3.1] AndroidManifest.xml:31:17-49
138        </provider>
139
140        <service
140-->[androidx.work:work-runtime:2.9.0] AndroidManifest.xml:39:9-45:35
141            android:name="androidx.work.impl.background.systemalarm.SystemAlarmService"
141-->[androidx.work:work-runtime:2.9.0] AndroidManifest.xml:40:13-88
142            android:directBootAware="false"
142-->[androidx.work:work-runtime:2.9.0] AndroidManifest.xml:41:13-44
143            android:enabled="@bool/enable_system_alarm_service_default"
143-->[androidx.work:work-runtime:2.9.0] AndroidManifest.xml:42:13-72
144            android:exported="false" />
144-->[androidx.work:work-runtime:2.9.0] AndroidManifest.xml:43:13-37
145        <service
145-->[androidx.work:work-runtime:2.9.0] AndroidManifest.xml:46:9-52:35
146            android:name="androidx.work.impl.background.systemjob.SystemJobService"
146-->[androidx.work:work-runtime:2.9.0] AndroidManifest.xml:47:13-84
147            android:directBootAware="false"
147-->[androidx.work:work-runtime:2.9.0] AndroidManifest.xml:48:13-44
148            android:enabled="@bool/enable_system_job_service_default"
148-->[androidx.work:work-runtime:2.9.0] AndroidManifest.xml:49:13-70
149            android:exported="true"
149-->[androidx.work:work-runtime:2.9.0] AndroidManifest.xml:50:13-36
150            android:permission="android.permission.BIND_JOB_SERVICE" />
150-->[androidx.work:work-runtime:2.9.0] AndroidManifest.xml:51:13-69
151        <service
151-->[androidx.work:work-runtime:2.9.0] AndroidManifest.xml:53:9-59:35
152            android:name="androidx.work.impl.foreground.SystemForegroundService"
152-->[androidx.work:work-runtime:2.9.0] AndroidManifest.xml:54:13-81
153            android:directBootAware="false"
153-->[androidx.work:work-runtime:2.9.0] AndroidManifest.xml:55:13-44
154            android:enabled="@bool/enable_system_foreground_service_default"
154-->[androidx.work:work-runtime:2.9.0] AndroidManifest.xml:56:13-77
155            android:exported="false" />
155-->[androidx.work:work-runtime:2.9.0] AndroidManifest.xml:57:13-37
156
157        <receiver
157-->[androidx.work:work-runtime:2.9.0] AndroidManifest.xml:61:9-66:35
158            android:name="androidx.work.impl.utils.ForceStopRunnable$BroadcastReceiver"
158-->[androidx.work:work-runtime:2.9.0] AndroidManifest.xml:62:13-88
159            android:directBootAware="false"
159-->[androidx.work:work-runtime:2.9.0] AndroidManifest.xml:63:13-44
160            android:enabled="true"
160-->[androidx.work:work-runtime:2.9.0] AndroidManifest.xml:64:13-35
161            android:exported="false" />
161-->[androidx.work:work-runtime:2.9.0] AndroidManifest.xml:65:13-37
162        <receiver
162-->[androidx.work:work-runtime:2.9.0] AndroidManifest.xml:67:9-77:20
163            android:name="androidx.work.impl.background.systemalarm.ConstraintProxy$BatteryChargingProxy"
163-->[androidx.work:work-runtime:2.9.0] AndroidManifest.xml:68:13-106
164            android:directBootAware="false"
164-->[androidx.work:work-runtime:2.9.0] AndroidManifest.xml:69:13-44
165            android:enabled="false"
165-->[androidx.work:work-runtime:2.9.0] AndroidManifest.xml:70:13-36
166            android:exported="false" >
166-->[androidx.work:work-runtime:2.9.0] AndroidManifest.xml:71:13-37
167            <intent-filter>
167-->[androidx.work:work-runtime:2.9.0] AndroidManifest.xml:73:13-76:29
168                <action android:name="android.intent.action.ACTION_POWER_CONNECTED" />
168-->[androidx.work:work-runtime:2.9.0] AndroidManifest.xml:74:17-87
168-->[androidx.work:work-runtime:2.9.0] AndroidManifest.xml:74:25-84
169                <action android:name="android.intent.action.ACTION_POWER_DISCONNECTED" />
169-->[androidx.work:work-runtime:2.9.0] AndroidManifest.xml:75:17-90
169-->[androidx.work:work-runtime:2.9.0] AndroidManifest.xml:75:25-87
170            </intent-filter>
171        </receiver>
172        <receiver
172-->[androidx.work:work-runtime:2.9.0] AndroidManifest.xml:78:9-88:20
173            android:name="androidx.work.impl.background.systemalarm.ConstraintProxy$BatteryNotLowProxy"
173-->[androidx.work:work-runtime:2.9.0] AndroidManifest.xml:79:13-104
174            android:directBootAware="false"
174-->[androidx.work:work-runtime:2.9.0] AndroidManifest.xml:80:13-44
175            android:enabled="false"
175-->[androidx.work:work-runtime:2.9.0] AndroidManifest.xml:81:13-36
176            android:exported="false" >
176-->[androidx.work:work-runtime:2.9.0] AndroidManifest.xml:82:13-37
177            <intent-filter>
177-->[androidx.work:work-runtime:2.9.0] AndroidManifest.xml:84:13-87:29
178                <action android:name="android.intent.action.BATTERY_OKAY" />
178-->[androidx.work:work-runtime:2.9.0] AndroidManifest.xml:85:17-77
178-->[androidx.work:work-runtime:2.9.0] AndroidManifest.xml:85:25-74
179                <action android:name="android.intent.action.BATTERY_LOW" />
179-->[androidx.work:work-runtime:2.9.0] AndroidManifest.xml:86:17-76
179-->[androidx.work:work-runtime:2.9.0] AndroidManifest.xml:86:25-73
180            </intent-filter>
181        </receiver>
182        <receiver
182-->[androidx.work:work-runtime:2.9.0] AndroidManifest.xml:89:9-99:20
183            android:name="androidx.work.impl.background.systemalarm.ConstraintProxy$StorageNotLowProxy"
183-->[androidx.work:work-runtime:2.9.0] AndroidManifest.xml:90:13-104
184            android:directBootAware="false"
184-->[androidx.work:work-runtime:2.9.0] AndroidManifest.xml:91:13-44
185            android:enabled="false"
185-->[androidx.work:work-runtime:2.9.0] AndroidManifest.xml:92:13-36
186            android:exported="false" >
186-->[androidx.work:work-runtime:2.9.0] AndroidManifest.xml:93:13-37
187            <intent-filter>
187-->[androidx.work:work-runtime:2.9.0] AndroidManifest.xml:95:13-98:29
188                <action android:name="android.intent.action.DEVICE_STORAGE_LOW" />
188-->[androidx.work:work-runtime:2.9.0] AndroidManifest.xml:96:17-83
188-->[androidx.work:work-runtime:2.9.0] AndroidManifest.xml:96:25-80
189                <action android:name="android.intent.action.DEVICE_STORAGE_OK" />
189-->[androidx.work:work-runtime:2.9.0] AndroidManifest.xml:97:17-82
189-->[androidx.work:work-runtime:2.9.0] AndroidManifest.xml:97:25-79
190            </intent-filter>
191        </receiver>
192        <receiver
192-->[androidx.work:work-runtime:2.9.0] AndroidManifest.xml:100:9-109:20
193            android:name="androidx.work.impl.background.systemalarm.ConstraintProxy$NetworkStateProxy"
193-->[androidx.work:work-runtime:2.9.0] AndroidManifest.xml:101:13-103
194            android:directBootAware="false"
194-->[androidx.work:work-runtime:2.9.0] AndroidManifest.xml:102:13-44
195            android:enabled="false"
195-->[androidx.work:work-runtime:2.9.0] AndroidManifest.xml:103:13-36
196            android:exported="false" >
196-->[androidx.work:work-runtime:2.9.0] AndroidManifest.xml:104:13-37
197            <intent-filter>
197-->[androidx.work:work-runtime:2.9.0] AndroidManifest.xml:106:13-108:29
198                <action android:name="android.net.conn.CONNECTIVITY_CHANGE" />
198-->[androidx.work:work-runtime:2.9.0] AndroidManifest.xml:107:17-79
198-->[androidx.work:work-runtime:2.9.0] AndroidManifest.xml:107:25-76
199            </intent-filter>
200        </receiver>
201        <receiver
201-->[androidx.work:work-runtime:2.9.0] AndroidManifest.xml:110:9-121:20
202            android:name="androidx.work.impl.background.systemalarm.RescheduleReceiver"
202-->[androidx.work:work-runtime:2.9.0] AndroidManifest.xml:111:13-88
203            android:directBootAware="false"
203-->[androidx.work:work-runtime:2.9.0] AndroidManifest.xml:112:13-44
204            android:enabled="false"
204-->[androidx.work:work-runtime:2.9.0] AndroidManifest.xml:113:13-36
205            android:exported="false" >
205-->[androidx.work:work-runtime:2.9.0] AndroidManifest.xml:114:13-37
206            <intent-filter>
206-->[androidx.work:work-runtime:2.9.0] AndroidManifest.xml:116:13-120:29
207                <action android:name="android.intent.action.BOOT_COMPLETED" />
207-->src\main\AndroidManifest.xml:86:17-79
207-->src\main\AndroidManifest.xml:86:25-76
208                <action android:name="android.intent.action.TIME_SET" />
208-->[androidx.work:work-runtime:2.9.0] AndroidManifest.xml:118:17-73
208-->[androidx.work:work-runtime:2.9.0] AndroidManifest.xml:118:25-70
209                <action android:name="android.intent.action.TIMEZONE_CHANGED" />
209-->[androidx.work:work-runtime:2.9.0] AndroidManifest.xml:119:17-81
209-->[androidx.work:work-runtime:2.9.0] AndroidManifest.xml:119:25-78
210            </intent-filter>
211        </receiver>
212        <receiver
212-->[androidx.work:work-runtime:2.9.0] AndroidManifest.xml:122:9-131:20
213            android:name="androidx.work.impl.background.systemalarm.ConstraintProxyUpdateReceiver"
213-->[androidx.work:work-runtime:2.9.0] AndroidManifest.xml:123:13-99
214            android:directBootAware="false"
214-->[androidx.work:work-runtime:2.9.0] AndroidManifest.xml:124:13-44
215            android:enabled="@bool/enable_system_alarm_service_default"
215-->[androidx.work:work-runtime:2.9.0] AndroidManifest.xml:125:13-72
216            android:exported="false" >
216-->[androidx.work:work-runtime:2.9.0] AndroidManifest.xml:126:13-37
217            <intent-filter>
217-->[androidx.work:work-runtime:2.9.0] AndroidManifest.xml:128:13-130:29
218                <action android:name="androidx.work.impl.background.systemalarm.UpdateProxies" />
218-->[androidx.work:work-runtime:2.9.0] AndroidManifest.xml:129:17-98
218-->[androidx.work:work-runtime:2.9.0] AndroidManifest.xml:129:25-95
219            </intent-filter>
220        </receiver>
221        <receiver
221-->[androidx.work:work-runtime:2.9.0] AndroidManifest.xml:132:9-142:20
222            android:name="androidx.work.impl.diagnostics.DiagnosticsReceiver"
222-->[androidx.work:work-runtime:2.9.0] AndroidManifest.xml:133:13-78
223            android:directBootAware="false"
223-->[androidx.work:work-runtime:2.9.0] AndroidManifest.xml:134:13-44
224            android:enabled="true"
224-->[androidx.work:work-runtime:2.9.0] AndroidManifest.xml:135:13-35
225            android:exported="true"
225-->[androidx.work:work-runtime:2.9.0] AndroidManifest.xml:136:13-36
226            android:permission="android.permission.DUMP" >
226-->[androidx.work:work-runtime:2.9.0] AndroidManifest.xml:137:13-57
227            <intent-filter>
227-->[androidx.work:work-runtime:2.9.0] AndroidManifest.xml:139:13-141:29
228                <action android:name="androidx.work.diagnostics.REQUEST_DIAGNOSTICS" />
228-->[androidx.work:work-runtime:2.9.0] AndroidManifest.xml:140:17-88
228-->[androidx.work:work-runtime:2.9.0] AndroidManifest.xml:140:25-85
229            </intent-filter>
230        </receiver>
231
232        <activity
232-->[com.google.android.gms:play-services-base:18.5.0] AndroidManifest.xml:5:9-173
233            android:name="com.google.android.gms.common.api.GoogleApiActivity"
233-->[com.google.android.gms:play-services-base:18.5.0] AndroidManifest.xml:5:19-85
234            android:exported="false"
234-->[com.google.android.gms:play-services-base:18.5.0] AndroidManifest.xml:5:146-170
235            android:theme="@android:style/Theme.Translucent.NoTitleBar" />
235-->[com.google.android.gms:play-services-base:18.5.0] AndroidManifest.xml:5:86-145
236
237        <meta-data
237-->[com.google.android.gms:play-services-basement:18.4.0] AndroidManifest.xml:6:9-122
238            android:name="com.google.android.gms.version"
238-->[com.google.android.gms:play-services-basement:18.4.0] AndroidManifest.xml:6:20-65
239            android:value="@integer/google_play_services_version" />
239-->[com.google.android.gms:play-services-basement:18.4.0] AndroidManifest.xml:6:66-119
240
241        <uses-library
241-->[androidx.window:window:1.0.0] AndroidManifest.xml:25:9-27:40
242            android:name="androidx.window.extensions"
242-->[androidx.window:window:1.0.0] AndroidManifest.xml:26:13-54
243            android:required="false" />
243-->[androidx.window:window:1.0.0] AndroidManifest.xml:27:13-37
244        <uses-library
244-->[androidx.window:window:1.0.0] AndroidManifest.xml:28:9-30:40
245            android:name="androidx.window.sidecar"
245-->[androidx.window:window:1.0.0] AndroidManifest.xml:29:13-51
246            android:required="false" />
246-->[androidx.window:window:1.0.0] AndroidManifest.xml:30:13-37
247
248        <receiver
248-->[androidx.profileinstaller:profileinstaller:1.3.1] AndroidManifest.xml:34:9-52:20
249            android:name="androidx.profileinstaller.ProfileInstallReceiver"
249-->[androidx.profileinstaller:profileinstaller:1.3.1] AndroidManifest.xml:35:13-76
250            android:directBootAware="false"
250-->[androidx.profileinstaller:profileinstaller:1.3.1] AndroidManifest.xml:36:13-44
251            android:enabled="true"
251-->[androidx.profileinstaller:profileinstaller:1.3.1] AndroidManifest.xml:37:13-35
252            android:exported="true"
252-->[androidx.profileinstaller:profileinstaller:1.3.1] AndroidManifest.xml:38:13-36
253            android:permission="android.permission.DUMP" >
253-->[androidx.profileinstaller:profileinstaller:1.3.1] AndroidManifest.xml:39:13-57
254            <intent-filter>
254-->[androidx.profileinstaller:profileinstaller:1.3.1] AndroidManifest.xml:40:13-42:29
255                <action android:name="androidx.profileinstaller.action.INSTALL_PROFILE" />
255-->[androidx.profileinstaller:profileinstaller:1.3.1] AndroidManifest.xml:41:17-91
255-->[androidx.profileinstaller:profileinstaller:1.3.1] AndroidManifest.xml:41:25-88
256            </intent-filter>
257            <intent-filter>
257-->[androidx.profileinstaller:profileinstaller:1.3.1] AndroidManifest.xml:43:13-45:29
258                <action android:name="androidx.profileinstaller.action.SKIP_FILE" />
258-->[androidx.profileinstaller:profileinstaller:1.3.1] AndroidManifest.xml:44:17-85
258-->[androidx.profileinstaller:profileinstaller:1.3.1] AndroidManifest.xml:44:25-82
259            </intent-filter>
260            <intent-filter>
260-->[androidx.profileinstaller:profileinstaller:1.3.1] AndroidManifest.xml:46:13-48:29
261                <action android:name="androidx.profileinstaller.action.SAVE_PROFILE" />
261-->[androidx.profileinstaller:profileinstaller:1.3.1] AndroidManifest.xml:47:17-88
261-->[androidx.profileinstaller:profileinstaller:1.3.1] AndroidManifest.xml:47:25-85
262            </intent-filter>
263            <intent-filter>
263-->[androidx.profileinstaller:profileinstaller:1.3.1] AndroidManifest.xml:49:13-51:29
264                <action android:name="androidx.profileinstaller.action.BENCHMARK_OPERATION" />
264-->[androidx.profileinstaller:profileinstaller:1.3.1] AndroidManifest.xml:50:17-95
264-->[androidx.profileinstaller:profileinstaller:1.3.1] AndroidManifest.xml:50:25-92
265            </intent-filter>
266        </receiver>
267
268        <service
268-->[androidx.room:room-runtime:2.5.0] AndroidManifest.xml:24:9-28:63
269            android:name="androidx.room.MultiInstanceInvalidationService"
269-->[androidx.room:room-runtime:2.5.0] AndroidManifest.xml:25:13-74
270            android:directBootAware="true"
270-->[androidx.room:room-runtime:2.5.0] AndroidManifest.xml:26:13-43
271            android:exported="false" />
271-->[androidx.room:room-runtime:2.5.0] AndroidManifest.xml:27:13-37
272    </application>
273
274</manifest>